0 info it worked if it ends with ok
1 verbose cli [ '/usr/local/bin/node',
1 verbose cli   '/usr/local/bin/npm',
1 verbose cli   'install',
1 verbose cli   'react-chartjs',
1 verbose cli   '--save' ]
2 info using npm@2.14.4
3 info using node@v4.1.1
4 verbose install initial load of /Users/javierbyte/Projects/focusbusiness/app/package.json
5 verbose installManyTop reading scoped package data from /Users/javierbyte/Projects/focusbusiness/app/node_modules/babel-core/package.json
6 verbose installManyTop reading scoped package data from /Users/javierbyte/Projects/focusbusiness/app/node_modules/babel-loader/package.json
7 verbose installManyTop reading scoped package data from /Users/javierbyte/Projects/focusbusiness/app/node_modules/fbjs/package.json
8 verbose installManyTop reading scoped package data from /Users/javierbyte/Projects/focusbusiness/app/node_modules/lodash/package.json
9 verbose installManyTop reading scoped package data from /Users/javierbyte/Projects/focusbusiness/app/node_modules/material-ui/package.json
10 verbose installManyTop reading scoped package data from /Users/javierbyte/Projects/focusbusiness/app/node_modules/react/package.json
11 verbose installManyTop reading scoped package data from /Users/javierbyte/Projects/focusbusiness/app/node_modules/react-dom/package.json
12 verbose installManyTop reading scoped package data from /Users/javierbyte/Projects/focusbusiness/app/node_modules/react-hot-loader/package.json
13 verbose installManyTop reading scoped package data from /Users/javierbyte/Projects/focusbusiness/app/node_modules/react-tap-event-plugin/package.json
14 verbose installManyTop reading scoped package data from /Users/javierbyte/Projects/focusbusiness/app/node_modules/standard/package.json
15 verbose installManyTop reading scoped package data from /Users/javierbyte/Projects/focusbusiness/app/node_modules/webpack/package.json
16 verbose installManyTop reading scoped package data from /Users/javierbyte/Projects/focusbusiness/app/node_modules/webpack-dev-server/package.json
17 info package.json react-tap-event-plugin@0.1.8 No license field.
18 verbose readDependencies loading dependencies from /Users/javierbyte/Projects/focusbusiness/app/package.json
19 silly cache add args [ 'react-chartjs', null ]
20 verbose cache add spec react-chartjs
21 silly cache add parsed spec Result {
21 silly cache add   raw: 'react-chartjs',
21 silly cache add   scope: null,
21 silly cache add   name: 'react-chartjs',
21 silly cache add   rawSpec: '',
21 silly cache add   spec: '*',
21 silly cache add   type: 'range' }
22 silly addNamed react-chartjs@*
23 verbose addNamed "*" is a valid semver range for react-chartjs
24 silly addNameRange { name: 'react-chartjs', range: '*', hasData: false }
25 silly mapToRegistry name react-chartjs
26 silly mapToRegistry using default registry
27 silly mapToRegistry registry https://registry.npmjs.org/
28 silly mapToRegistry uri https://registry.npmjs.org/react-chartjs
29 verbose addNameRange registry:https://registry.npmjs.org/react-chartjs not in flight; fetching
30 verbose request uri https://registry.npmjs.org/react-chartjs
31 verbose request no auth needed
32 info attempt registry request try #1 at 1:25:40 PM
33 verbose request using bearer token for auth
34 verbose request id e3186daf1301f3c7
35 verbose etag "9Y2ARZRT5NYWTRFGL9NOSN9DE"
36 http request GET https://registry.npmjs.org/react-chartjs
37 http 304 https://registry.npmjs.org/react-chartjs
38 silly get cb [ 304,
38 silly get   { 'cache-control': 'max-age=60',
38 silly get     'accept-ranges': 'bytes',
38 silly get     date: 'Sun, 27 Sep 2015 18:25:41 GMT',
38 silly get     via: '1.1 varnish',
38 silly get     connection: 'keep-alive',
38 silly get     'x-served-by': 'cache-sjc3135-SJC',
38 silly get     'x-cache': 'MISS',
38 silly get     'x-cache-hits': '0',
38 silly get     'x-timer': 'S1443378341.434930,VS0,VE85' } ]
39 verbose etag https://registry.npmjs.org/react-chartjs from cache
40 verbose get saving react-chartjs to /Users/javierbyte/.npm/registry.npmjs.org/react-chartjs/.cache.json
41 silly addNameRange number 2 { name: 'react-chartjs', range: '*', hasData: true }
42 silly addNameRange versions [ 'react-chartjs',
42 silly addNameRange   [ '0.0.1',
42 silly addNameRange     '0.1.0',
42 silly addNameRange     '0.1.1',
42 silly addNameRange     '0.1.2',
42 silly addNameRange     '0.1.3',
42 silly addNameRange     '0.2.0',
42 silly addNameRange     '0.2.1',
42 silly addNameRange     '0.3.0',
42 silly addNameRange     '0.4.0',
42 silly addNameRange     '0.5.0',
42 silly addNameRange     '0.6.0' ] ]
43 silly addNamed react-chartjs@0.6.0
44 verbose addNamed "0.6.0" is a plain semver version for react-chartjs
45 silly cache afterAdd react-chartjs@0.6.0
46 verbose afterAdd /Users/javierbyte/.npm/react-chartjs/0.6.0/package/package.json not in flight; writing
47 verbose afterAdd /Users/javierbyte/.npm/react-chartjs/0.6.0/package/package.json written
48 silly install resolved [ { name: 'react-chartjs',
48 silly install resolved     version: '0.6.0',
48 silly install resolved     description: 'react charting components using the chartjs lib',
48 silly install resolved     main: 'index.js',
48 silly install resolved     scripts: { test: 'mocha' },
48 silly install resolved     repository:
48 silly install resolved      { type: 'git',
48 silly install resolved        url: 'git+https://github.com/jhudson8/react-chartjs.git' },
48 silly install resolved     keywords:
48 silly install resolved      [ 'react',
48 silly install resolved        'react-component',
48 silly install resolved        'chart',
48 silly install resolved        'charts',
48 silly install resolved        'graph',
48 silly install resolved        'chartjs' ],
48 silly install resolved     author: { name: 'Joe Hudson' },
48 silly install resolved     license: 'MIT',
48 silly install resolved     bugs: { url: 'https://github.com/jhudson8/react-chartjs/issues' },
48 silly install resolved     homepage: 'https://github.com/jhudson8/react-chartjs',
48 silly install resolved     peerDependencies: { react: '*', 'chart.js': '*' },
48 silly install resolved     devDependencies: { 'uglify-js': '^2.4.16', webpack: '^1.4.14' },
48 silly install resolved     gitHead: '5806d209c714637bf8372762b0f3f5a6d63d5975',
48 silly install resolved     _id: 'react-chartjs@0.6.0',
48 silly install resolved     _shasum: '5ff013b4d11b441ac3a16057e66489d6b12477e6',
48 silly install resolved     _from: 'react-chartjs@*',
48 silly install resolved     _npmVersion: '2.2.0',
48 silly install resolved     _nodeVersion: '0.10.35',
48 silly install resolved     _npmUser: { name: 'jhudson', email: 'joehud@gmail.com' },
48 silly install resolved     maintainers: [ [Object] ],
48 silly install resolved     dist:
48 silly install resolved      { shasum: '5ff013b4d11b441ac3a16057e66489d6b12477e6',
48 silly install resolved        tarball: 'http://registry.npmjs.org/react-chartjs/-/react-chartjs-0.6.0.tgz' },
48 silly install resolved     directories: {},
48 silly install resolved     _resolved: 'https://registry.npmjs.org/react-chartjs/-/react-chartjs-0.6.0.tgz',
48 silly install resolved     readme: 'ERROR: No README data found!' } ]
49 info install react-chartjs@0.6.0 into /Users/javierbyte/Projects/focusbusiness/app
50 info installOne react-chartjs@0.6.0
51 verbose installOne of react-chartjs to /Users/javierbyte/Projects/focusbusiness/app not in flight; installing
52 verbose lock using /Users/javierbyte/.npm/_locks/react-chartjs-8c1215ebf4052eee.lock for /Users/javierbyte/Projects/focusbusiness/app/node_modules/react-chartjs
53 silly install write writing react-chartjs 0.6.0 to /Users/javierbyte/Projects/focusbusiness/app/node_modules/react-chartjs
54 verbose unbuild node_modules/react-chartjs
55 silly gentlyRm /Users/javierbyte/Projects/focusbusiness/app/node_modules/react-chartjs is being purged from base /Users/javierbyte/Projects/focusbusiness/app
56 verbose gentlyRm don't care about contents; nuking /Users/javierbyte/Projects/focusbusiness/app/node_modules/react-chartjs
57 verbose tar unpack /Users/javierbyte/.npm/react-chartjs/0.6.0/package.tgz
58 verbose tar unpacking to /Users/javierbyte/Projects/focusbusiness/app/node_modules/react-chartjs
59 silly gentlyRm /Users/javierbyte/Projects/focusbusiness/app/node_modules/react-chartjs is being purged
60 verbose gentlyRm don't care about contents; nuking /Users/javierbyte/Projects/focusbusiness/app/node_modules/react-chartjs
61 silly gunzTarPerm modes [ '755', '644' ]
62 silly gunzTarPerm extractEntry package.json
63 silly gunzTarPerm extractEntry .npmignore
64 silly gunzTarPerm extractEntry README.md
65 silly gunzTarPerm extractEntry LICENSE
66 silly gunzTarPerm extractEntry index.js
67 silly gunzTarPerm extractEntry lib/bar.js
68 silly gunzTarPerm extractEntry lib/core.js
69 silly gunzTarPerm extractEntry lib/doughnut.js
70 silly gunzTarPerm extractEntry lib/line.js
71 silly gunzTarPerm extractEntry lib/pie.js
72 silly gunzTarPerm extractEntry lib/polar-area.js
73 silly gunzTarPerm extractEntry lib/radar.js
74 silly gunzTarPerm extractEntry release-notes.md
75 verbose write writing to /Users/javierbyte/Projects/focusbusiness/app/node_modules/react-chartjs/package.json
76 info preinstall react-chartjs@0.6.0
77 verbose readDependencies loading dependencies from /Users/javierbyte/Projects/focusbusiness/app/node_modules/react-chartjs/package.json
78 silly prepareForInstallMany adding react@* from react-chartjs peerDependencies
79 silly prepareForInstallMany adding chart.js@* from react-chartjs peerDependencies
80 warn peerDependencies The peer dependency react@* included from react-chartjs will no
81 warn peerDependencies longer be automatically installed to fulfill the peerDependency
82 warn peerDependencies in npm 3+. Your application will need to depend on it explicitly.
83 warn peerDependencies The peer dependency chart.js@* included from react-chartjs will no
84 warn peerDependencies longer be automatically installed to fulfill the peerDependency
85 warn peerDependencies in npm 3+. Your application will need to depend on it explicitly.
86 verbose readDependencies loading dependencies from /Users/javierbyte/Projects/focusbusiness/app/node_modules/react-chartjs/package.json
87 silly install resolved []
88 verbose about to build /Users/javierbyte/Projects/focusbusiness/app/node_modules/react-chartjs
89 info build /Users/javierbyte/Projects/focusbusiness/app/node_modules/react-chartjs
90 info linkStuff react-chartjs@0.6.0
91 silly linkStuff react-chartjs@0.6.0 has /Users/javierbyte/Projects/focusbusiness/app/node_modules as its parent node_modules
92 verbose linkBins react-chartjs@0.6.0
93 verbose linkMans react-chartjs@0.6.0
94 verbose rebuildBundles react-chartjs@0.6.0
95 info install react-chartjs@0.6.0
96 info postinstall react-chartjs@0.6.0
97 verbose readDependencies loading dependencies from /Users/javierbyte/Projects/focusbusiness/app/package.json
98 verbose targetResolver reading package data from /Users/javierbyte/Projects/focusbusiness/app/node_modules/babel-core/package.json
99 verbose targetResolver reading package data from /Users/javierbyte/Projects/focusbusiness/app/node_modules/babel-loader/package.json
100 verbose targetResolver reading package data from /Users/javierbyte/Projects/focusbusiness/app/node_modules/fbjs/package.json
101 verbose targetResolver reading package data from /Users/javierbyte/Projects/focusbusiness/app/node_modules/lodash/package.json
102 verbose targetResolver reading package data from /Users/javierbyte/Projects/focusbusiness/app/node_modules/material-ui/package.json
103 verbose targetResolver reading package data from /Users/javierbyte/Projects/focusbusiness/app/node_modules/react/package.json
104 verbose targetResolver reading package data from /Users/javierbyte/Projects/focusbusiness/app/node_modules/react-chartjs/package.json
105 verbose targetResolver reading package data from /Users/javierbyte/Projects/focusbusiness/app/node_modules/react-dom/package.json
106 verbose targetResolver reading package data from /Users/javierbyte/Projects/focusbusiness/app/node_modules/react-hot-loader/package.json
107 verbose targetResolver reading package data from /Users/javierbyte/Projects/focusbusiness/app/node_modules/react-tap-event-plugin/package.json
108 verbose targetResolver reading package data from /Users/javierbyte/Projects/focusbusiness/app/node_modules/standard/package.json
109 verbose targetResolver reading package data from /Users/javierbyte/Projects/focusbusiness/app/node_modules/webpack/package.json
110 verbose targetResolver reading package data from /Users/javierbyte/Projects/focusbusiness/app/node_modules/webpack-dev-server/package.json
111 verbose targetResolver reading package data from /Users/javierbyte/Projects/focusbusiness/app/node_modules/.bin/standard/package.json
112 verbose targetResolver reading package data from /Users/javierbyte/Projects/focusbusiness/app/node_modules/.bin/webpack/package.json
113 verbose targetResolver reading package data from /Users/javierbyte/Projects/focusbusiness/app/node_modules/.bin/webpack-dev-server/package.json
114 silly cache add args [ 'chart.js@*', null ]
115 verbose cache add spec chart.js@*
116 silly cache add parsed spec Result {
116 silly cache add   raw: 'chart.js@*',
116 silly cache add   scope: null,
116 silly cache add   name: 'chart.js',
116 silly cache add   rawSpec: '*',
116 silly cache add   spec: '*',
116 silly cache add   type: 'range' }
117 silly addNamed chart.js@*
118 verbose addNamed "*" is a valid semver range for chart.js
119 silly addNameRange { name: 'chart.js', range: '*', hasData: false }
120 silly mapToRegistry name chart.js
121 silly mapToRegistry using default registry
122 silly mapToRegistry registry https://registry.npmjs.org/
123 silly mapToRegistry uri https://registry.npmjs.org/chart.js
124 verbose addNameRange registry:https://registry.npmjs.org/chart.js not in flight; fetching
125 verbose already installed skipping react@* /Users/javierbyte/Projects/focusbusiness/app
126 verbose request uri https://registry.npmjs.org/chart.js
127 verbose request no auth needed
128 info attempt registry request try #1 at 1:25:41 PM
129 verbose request using bearer token for auth
130 verbose etag "AHR75JAAFDM3ARBDP0S8NKL2X"
131 http request GET https://registry.npmjs.org/chart.js
132 http 304 https://registry.npmjs.org/chart.js
133 silly get cb [ 304,
133 silly get   { 'cache-control': 'max-age=60',
133 silly get     'accept-ranges': 'bytes',
133 silly get     date: 'Sun, 27 Sep 2015 18:25:41 GMT',
133 silly get     via: '1.1 varnish',
133 silly get     connection: 'keep-alive',
133 silly get     'x-served-by': 'cache-sjc3127-SJC',
133 silly get     'x-cache': 'MISS',
133 silly get     'x-cache-hits': '0',
133 silly get     'x-timer': 'S1443378341.884321,VS0,VE87' } ]
134 verbose etag https://registry.npmjs.org/chart.js from cache
135 verbose get saving chart.js to /Users/javierbyte/.npm/registry.npmjs.org/chart.js/.cache.json
136 silly addNameRange number 2 { name: 'chart.js', range: '*', hasData: true }
137 silly addNameRange versions [ 'chart.js', [ '1.0.1-beta.2', '1.0.1', '1.0.2' ] ]
138 silly addNamed chart.js@1.0.2
139 verbose addNamed "1.0.2" is a plain semver version for chart.js
140 silly cache afterAdd chart.js@1.0.2
141 verbose afterAdd /Users/javierbyte/.npm/chart.js/1.0.2/package/package.json not in flight; writing
142 verbose afterAdd /Users/javierbyte/.npm/chart.js/1.0.2/package/package.json written
143 silly install resolved [ { name: 'chart.js',
143 silly install resolved     homepage: 'http://www.chartjs.org',
143 silly install resolved     description: 'Simple HTML5 charts using the canvas element.',
143 silly install resolved     version: '1.0.2',
143 silly install resolved     main: 'Chart.js',
143 silly install resolved     repository:
143 silly install resolved      { type: 'git',
143 silly install resolved        url: 'git+https://github.com/nnnick/Chart.js.git' },
143 silly install resolved     dependences: {},
143 silly install resolved     devDependencies:
143 silly install resolved      { gulp: '3.5.x',
143 silly install resolved        'gulp-concat': '~2.1.x',
143 silly install resolved        'gulp-connect': '~2.0.5',
143 silly install resolved        'gulp-jshint': '~1.5.1',
143 silly install resolved        'gulp-replace': '^0.4.0',
143 silly install resolved        'gulp-size': '~0.4.0',
143 silly install resolved        'gulp-uglify': '~0.2.x',
143 silly install resolved        'gulp-util': '~2.2.x',
143 silly install resolved        'gulp-html-validator': '^0.0.2',
143 silly install resolved        inquirer: '^0.5.1',
143 silly install resolved        semver: '^3.0.1' },
143 silly install resolved     spm: { main: 'Chart.js' },
143 silly install resolved     gitHead: '930b16a0af59201dcfcd1594b0e7540db4d04c9f',
143 silly install resolved     bugs: { url: 'https://github.com/nnnick/Chart.js/issues' },
143 silly install resolved     _id: 'chart.js@1.0.2',
143 silly install resolved     scripts: {},
143 silly install resolved     _shasum: 'ad57d2229cfd8ccf5955147e8121b4911e69dfe7',
143 silly install resolved     _from: 'chart.js@*',
143 silly install resolved     _npmVersion: '1.4.20',
143 silly install resolved     _npmUser: { name: 'nnnick', email: 'hello@nickdownie.com' },
143 silly install resolved     maintainers: [ [Object] ],
143 silly install resolved     dist:
143 silly install resolved      { shasum: 'ad57d2229cfd8ccf5955147e8121b4911e69dfe7',
143 silly install resolved        tarball: 'http://registry.npmjs.org/chart.js/-/chart.js-1.0.2.tgz' },
143 silly install resolved     directories: {},
143 silly install resolved     _resolved: 'https://registry.npmjs.org/chart.js/-/chart.js-1.0.2.tgz',
143 silly install resolved     readme: 'ERROR: No README data found!' } ]
144 info install chart.js@1.0.2 into /Users/javierbyte/Projects/focusbusiness/app
145 info installOne chart.js@1.0.2
146 verbose installOne of chart.js to /Users/javierbyte/Projects/focusbusiness/app not in flight; installing
147 verbose lock using /Users/javierbyte/.npm/_locks/chart-js-b7fcb955f1a1d0c6.lock for /Users/javierbyte/Projects/focusbusiness/app/node_modules/chart.js
148 silly install write writing chart.js 1.0.2 to /Users/javierbyte/Projects/focusbusiness/app/node_modules/chart.js
149 verbose unbuild node_modules/chart.js
150 silly gentlyRm /Users/javierbyte/Projects/focusbusiness/app/node_modules/chart.js is being purged from base /Users/javierbyte/Projects/focusbusiness/app
151 verbose gentlyRm don't care about contents; nuking /Users/javierbyte/Projects/focusbusiness/app/node_modules/chart.js
152 verbose tar unpack /Users/javierbyte/.npm/chart.js/1.0.2/package.tgz
153 verbose tar unpacking to /Users/javierbyte/Projects/focusbusiness/app/node_modules/chart.js
154 silly gentlyRm /Users/javierbyte/Projects/focusbusiness/app/node_modules/chart.js is being purged
155 verbose gentlyRm don't care about contents; nuking /Users/javierbyte/Projects/focusbusiness/app/node_modules/chart.js
156 silly gunzTarPerm modes [ '755', '644' ]
157 silly gunzTarPerm extractEntry package.json
158 silly gunzTarPerm extractEntry .npmignore
159 silly gunzTarPerm extractEntry README.md
160 silly gunzTarPerm extractEntry Chart.js
161 silly gunzTarPerm extractEntry Chart.min.js
162 silly gunzTarPerm extractEntry gulpfile.js
163 silly gunzTarPerm extractEntry src/Chart.Bar.js
164 silly gunzTarPerm extractEntry src/Chart.Core.js
165 silly gunzTarPerm extractEntry src/Chart.Doughnut.js
166 silly gunzTarPerm extractEntry src/Chart.Line.js
167 silly gunzTarPerm extractEntry src/Chart.PolarArea.js
168 silly gunzTarPerm extractEntry src/Chart.Radar.js
169 silly gunzTarPerm extractEntry .travis.yml
170 silly gunzTarPerm extractEntry docs/00-Getting-Started.md
171 silly gunzTarPerm extractEntry docs/01-Line-Chart.md
172 silly gunzTarPerm extractEntry docs/02-Bar-Chart.md
173 silly gunzTarPerm extractEntry docs/03-Radar-Chart.md
174 silly gunzTarPerm extractEntry docs/04-Polar-Area-Chart.md
175 silly gunzTarPerm extractEntry docs/05-Pie-Doughnut-Chart.md
176 silly gunzTarPerm extractEntry docs/06-Advanced.md
177 silly gunzTarPerm extractEntry docs/07-Notes.md
178 silly gunzTarPerm extractEntry CONTRIBUTING.md
179 silly gunzTarPerm extractEntry samples/bar.html
180 silly gunzTarPerm extractEntry samples/doughnut.html
181 silly gunzTarPerm extractEntry samples/line-customTooltips.html
182 silly gunzTarPerm extractEntry samples/line.html
183 silly gunzTarPerm extractEntry samples/pie-customTooltips.html
184 silly gunzTarPerm extractEntry samples/pie.html
185 silly gunzTarPerm extractEntry samples/polar-area.html
186 silly gunzTarPerm extractEntry samples/radar.html
187 silly gunzTarPerm extractEntry LICENSE.md
188 silly gunzTarPerm extractEntry bower.json
189 verbose write writing to /Users/javierbyte/Projects/focusbusiness/app/node_modules/chart.js/package.json
190 info preinstall chart.js@1.0.2
191 verbose readDependencies loading dependencies from /Users/javierbyte/Projects/focusbusiness/app/node_modules/chart.js/package.json
192 verbose readDependencies loading dependencies from /Users/javierbyte/Projects/focusbusiness/app/node_modules/chart.js/package.json
193 silly install resolved []
194 verbose about to build /Users/javierbyte/Projects/focusbusiness/app/node_modules/chart.js
195 info build /Users/javierbyte/Projects/focusbusiness/app/node_modules/chart.js
196 info linkStuff chart.js@1.0.2
197 silly linkStuff chart.js@1.0.2 has /Users/javierbyte/Projects/focusbusiness/app/node_modules as its parent node_modules
198 verbose linkBins chart.js@1.0.2
199 verbose linkMans chart.js@1.0.2
200 verbose rebuildBundles chart.js@1.0.2
201 info install chart.js@1.0.2
202 info postinstall chart.js@1.0.2
203 verbose unlock done using /Users/javierbyte/.npm/_locks/chart-js-b7fcb955f1a1d0c6.lock for /Users/javierbyte/Projects/focusbusiness/app/node_modules/chart.js
204 verbose unlock done using /Users/javierbyte/.npm/_locks/react-chartjs-8c1215ebf4052eee.lock for /Users/javierbyte/Projects/focusbusiness/app/node_modules/react-chartjs
205 verbose validateInstall loading /Users/javierbyte/Projects/focusbusiness/app/package.json for validation
206 verbose stack Error: The package react@0.14.0-rc1 does not satisfy its siblings' peerDependencies requirements!
206 verbose stack     at /usr/local/lib/node_modules/npm/lib/install.js:125:32
206 verbose stack     at /usr/local/lib/node_modules/npm/lib/install.js:268:7
206 verbose stack     at /usr/local/lib/node_modules/npm/node_modules/read-installed/read-installed.js:142:5
206 verbose stack     at /usr/local/lib/node_modules/npm/node_modules/read-installed/read-installed.js:263:14
206 verbose stack     at cb (/usr/local/lib/node_modules/npm/node_modules/slide/lib/async-map.js:47:24)
206 verbose stack     at /usr/local/lib/node_modules/npm/node_modules/read-installed/read-installed.js:263:14
206 verbose stack     at cb (/usr/local/lib/node_modules/npm/node_modules/slide/lib/async-map.js:47:24)
206 verbose stack     at /usr/local/lib/node_modules/npm/node_modules/read-installed/read-installed.js:263:14
206 verbose stack     at cb (/usr/local/lib/node_modules/npm/node_modules/slide/lib/async-map.js:47:24)
206 verbose stack     at /usr/local/lib/node_modules/npm/node_modules/read-installed/read-installed.js:263:14
207 verbose cwd /Users/javierbyte/Projects/focusbusiness/app
208 error Darwin 15.0.0
209 error argv "/usr/local/bin/node" "/usr/local/bin/npm" "install" "react-chartjs" "--save"
210 error node v4.1.1
211 error npm  v2.14.4
212 error code EPEERINVALID
213 error peerinvalid The package react@0.14.0-rc1 does not satisfy its siblings' peerDependencies requirements!
213 error peerinvalid Peer material-ui@0.12.0 wants react@>=0.13
213 error peerinvalid Peer react-chartjs@0.6.0 wants react@*
213 error peerinvalid Peer react-tap-event-plugin@0.1.8 wants react@^0.14.0-0 || ~0.13.x || ~0.12.x
214 verbose exit [ 1, true ]
